app/build/intermediates/manifest_merge_blame_file/debug/manifest-merger-blame-debug-report.txt
1<?xml version="1.0" encoding="utf-8"?>
2<manifest xmlns:android="http://schemas.android.com/apk/res/android"
3    package="com.example.mightguy.criminalintentdemo"
4    android:versionCode="1"
5    android:versionName="1.0" >
6
7    <uses-sdk
8        android:minSdkVersion="19"
8-->src\main\AndroidManifest.xml
9        android:targetSdkVersion="31" />
9-->src\main\AndroidManifest.xml
10
11    <uses-permission android:name="android.permission.READ_CONTACTS" />
11-->src\main\AndroidManifest.xml:5:5-71
11-->src\main\AndroidManifest.xml:5:22-69
12
13    <uses-feature
13-->src\main\AndroidManifest.xml:7:5-8:35
14        android:name="android.hardware.camera"
14-->src\main\AndroidManifest.xml:7:19-57
15        android:required="false" />
15-->src\main\AndroidManifest.xml:8:9-33
16
17    <application
17-->src\main\AndroidManifest.xml:10:5-40:19
18        android:allowBackup="true"
18-->src\main\AndroidManifest.xml:11:9-35
19        android:appComponentFactory="androidx.core.app.CoreComponentFactory"
19-->[androidx.core:core:1.7.0] AndroidManifest.xml:24:18-86
20        android:debuggable="true"
21        android:icon="@mipmap/ic_launcher"
21-->src\main\AndroidManifest.xml:12:9-43
22        android:label="@string/app_name"
22-->src\main\AndroidManifest.xml:13:9-41
23        android:roundIcon="@mipmap/ic_launcher_round"
23-->src\main\AndroidManifest.xml:14:9-54
24        android:supportsRtl="true"
24-->src\main\AndroidManifest.xml:15:9-35
25        android:testOnly="true"
26        android:theme="@style/Theme.CriminalIntentDemo" >
26-->src\main\AndroidManifest.xml:16:9-56
27        <activity
27-->src\main\AndroidManifest.xml:17:9-24:20
28            android:name="com.example.mightguy.criminalintentdemo.CrimeListActivity"
28-->src\main\AndroidManifest.xml:18:13-46
29            android:exported="true" >
29-->src\main\AndroidManifest.xml:19:13-36
30            <intent-filter>
30-->src\main\AndroidManifest.xml:20:13-23:29
31                <action android:name="android.intent.action.MAIN" />
31-->src\main\AndroidManifest.xml:21:17-69
31-->src\main\AndroidManifest.xml:21:25-66
32
33                <category android:name="android.intent.category.LAUNCHER" />
33-->src\main\AndroidManifest.xml:22:17-77
33-->src\main\AndroidManifest.xml:22:27-74
34            </intent-filter>
35        </activity>
36        <activity
36-->src\main\AndroidManifest.xml:25:9-30:20
37            android:name="com.example.mightguy.criminalintentdemo.CrimePagerActivity"
37-->src\main\AndroidManifest.xml:26:13-47
38            android:exported="true"
38-->src\main\AndroidManifest.xml:28:13-36
39            android:parentActivityName="com.example.mightguy.criminalintentdemo.CrimeListActivity" >
39-->src\main\AndroidManifest.xml:27:13-60
40        </activity>
41
42        <provider
42-->src\main\AndroidManifest.xml:31:9-39:20
43            android:name="androidx.core.content.FileProvider"
43-->src\main\AndroidManifest.xml:33:13-62
44            android:authorities="com.example.mightguy.criminalintentdemo.fileprovider"
44-->src\main\AndroidManifest.xml:32:13-87
45            android:exported="false"
45-->src\main\AndroidManifest.xml:34:13-37
46            android:grantUriPermissions="true" >
46-->src\main\AndroidManifest.xml:35:13-47
47            <meta-data
47-->src\main\AndroidManifest.xml:36:13-38:48
48                android:name="android.support.FILE_PROVIDER_PATHS"
48-->src\main\AndroidManifest.xml:37:17-67
49                android:resource="@xml/files" />
49-->src\main\AndroidManifest.xml:38:17-46
50        </provider>
51        <provider
51-->[androidx.emoji2:emoji2:1.0.0] AndroidManifest.xml:26:9-34:20
52            android:name="androidx.startup.InitializationProvider"
52-->[androidx.emoji2:emoji2:1.0.0] AndroidManifest.xml:27:13-67
53            android:authorities="com.example.mightguy.criminalintentdemo.androidx-startup"
53-->[androidx.emoji2:emoji2:1.0.0] AndroidManifest.xml:28:13-68
54            android:exported="false" >
54-->[androidx.emoji2:emoji2:1.0.0] AndroidManifest.xml:29:13-37
55            <meta-data
55-->[androidx.emoji2:emoji2:1.0.0] AndroidManifest.xml:31:13-33:52
56                android:name="androidx.emoji2.text.EmojiCompatInitializer"
56-->[androidx.emoji2:emoji2:1.0.0] AndroidManifest.xml:32:17-75
57                android:value="androidx.startup" />
57-->[androidx.emoji2:emoji2:1.0.0] AndroidManifest.xml:33:17-49
58            <meta-data
58-->[androidx.lifecycle:lifecycle-process:2.4.0] AndroidManifest.xml:31:13-33:52
59                android:name="androidx.lifecycle.ProcessLifecycleInitializer"
59-->[androidx.lifecycle:lifecycle-process:2.4.0] AndroidManifest.xml:32:17-78
60                android:value="androidx.startup" />
60-->[androidx.lifecycle:lifecycle-process:2.4.0] AndroidManifest.xml:33:17-49
61        </provider>
62    </application>
63
64</manifest>